<?xml version="1.0" encoding="UTF-8"?>
<!-- Generated by org.testng.reporters.JUnitReportReporter -->
<testsuite hostname="Soorajs-MacBook-Pro.local" failures="0" tests="1" name="com.learnerhub.testcases.TC003_ForgotPassword" time="38.033" errors="0" timestamp="2023-06-18T19:06:03 IST" skipped="0">
  <testcase classname="com.learnerhub.testcases.TC003_ForgotPassword" name="runRegister" time="38.033"/>
  <system-out/>
</testsuite> <!-- com.learnerhub.testcases.TC003_ForgotPassword -->
