<?xml version="1.0" encoding="UTF-8"?>
<!-- Generated by org.testng.reporters.JUnitReportReporter -->
<testsuite hostname="Soorajs-MacBook-Pro.local" failures="0" tests="1" name="com.learnerhub.testcases.TC001_JustLogin" time="16.812" errors="0" timestamp="2023-06-18T19:06:03 IST" skipped="0">
  <testcase classname="com.learnerhub.testcases.TC001_JustLogin" name="runLogin" time="16.812"/>
  <system-out/>
</testsuite> <!-- com.learnerhub.testcases.TC001_JustLogin -->
